{"/Users/blorb/alchemy/c-track/LAB2/LAB2/models/Cat.js": {"path":"/Users/blorb/alchemy/c-track/LAB2/LAB2/models/Cat.js","statementMap":{"0":{"start":{"line":1,"column":17},"end":{"line":1,"column":36}},"1":{"start":{"line":3,"column":15},"end":{"line":20,"column":2}},"2":{"start":{"line":22,"column":0},"end":{"line":22,"column":47}}},"fnMap":{},"branchMap":{},"s":{"0":1,"1":1,"2":1},"f":{},"b":{},"_coverageSchema":"43e27e138ebf9cfc5966b082cf9a028302ed4184","hash":"c4ee8750b9f8b35b8ea24baf296f56bf58486d6d"}
,"/Users/blorb/alchemy/c-track/LAB2/LAB2/models/OldOakTree.js": {"path":"/Users/blorb/alchemy/c-track/LAB2/LAB2/models/OldOakTree.js","statementMap":{"0":{"start":{"line":1,"column":17},"end":{"line":1,"column":36}},"1":{"start":{"line":3,"column":15},"end":{"line":20,"column":2}},"2":{"start":{"line":22,"column":0},"end":{"line":22,"column":54}}},"fnMap":{},"branchMap":{},"s":{"0":1,"1":1,"2":1},"f":{},"b":{},"_coverageSchema":"43e27e138ebf9cfc5966b082cf9a028302ed4184","hash":"eb0f0aecc8a5429815bc4bcdf5c8c7131440622b"}
,"/Users/blorb/alchemy/c-track/LAB2/LAB2/models/Sink.js": {"path":"/Users/blorb/alchemy/c-track/LAB2/LAB2/models/Sink.js","statementMap":{"0":{"start":{"line":1,"column":17},"end":{"line":1,"column":36}},"1":{"start":{"line":3,"column":15},"end":{"line":18,"column":2}},"2":{"start":{"line":20,"column":0},"end":{"line":20,"column":49}}},"fnMap":{},"branchMap":{},"s":{"0":1,"1":1,"2":1},"f":{},"b":{},"_coverageSchema":"43e27e138ebf9cfc5966b082cf9a028302ed4184","hash":"bbd60720375a5ea70b7f0ce10a42d80f85242023"}
,"/Users/blorb/alchemy/c-track/LAB2/LAB2/models/Table.js": {"path":"/Users/blorb/alchemy/c-track/LAB2/LAB2/models/Table.js","statementMap":{"0":{"start":{"line":1,"column":17},"end":{"line":1,"column":36}},"1":{"start":{"line":3,"column":15},"end":{"line":20,"column":2}},"2":{"start":{"line":22,"column":0},"end":{"line":22,"column":49}}},"fnMap":{},"branchMap":{},"s":{"0":1,"1":1,"2":1},"f":{},"b":{},"_coverageSchema":"43e27e138ebf9cfc5966b082cf9a028302ed4184","hash":"977eedb3597264ff65535ae9095ee90764f5f322"}
}
