TN:
SF:/Users/blorb/alchemy/c-track/LAB2/LAB2/models/Cat.js
FNF:0
FNH:0
DA:1,1
DA:3,1
DA:22,1
LF:3
LH:3
BRF:0
BRH:0
end_of_record
TN:
SF:/Users/blorb/alchemy/c-track/LAB2/LAB2/models/OldOakTree.js
FNF:0
FNH:0
DA:1,1
DA:3,1
DA:22,1
LF:3
LH:3
BRF:0
BRH:0
end_of_record
TN:
SF:/Users/blorb/alchemy/c-track/LAB2/LAB2/models/PartOfAWhole.js
FNF:0
FNH:0
DA:1,1
DA:3,1
DA:18,1
LF:3
LH:3
BRF:0
BRH:0
end_of_record
TN:
SF:/Users/blorb/alchemy/c-track/LAB2/LAB2/models/Sink.js
FNF:0
FNH:0
DA:1,1
DA:3,1
DA:20,1
LF:3
LH:3
BRF:0
BRH:0
end_of_record
TN:
SF:/Users/blorb/alchemy/c-track/LAB2/LAB2/models/Table.js
FNF:0
FNH:0
DA:1,1
DA:3,1
DA:22,1
LF:3
LH:3
BRF:0
BRH:0
end_of_record
